<?xml version="1.0" encoding="UTF-8"?>
<!-- Generated by org.testng.reporters.JUnitReportReporter -->
<testsuite hostname="DESKTOP-HSNMEPH" failures="0" tests="3" name="com.nexsoft.runner.NewListRunner" time="87.089" errors="0" timestamp="2022-06-24T15:06:24 ICT" skipped="0">
  <testcase classname="com.nexsoft.runner.NewListRunner" name="runScenario" time="27.964"/>
  <system-out>
    <![CDATA[<img src='file://D:\Bootcamp\1ListCucumberTest\test-output20220624_150543.png'height="450" width="1017"/>]]>
  </system-out>
  <testcase classname="com.nexsoft.runner.NewListRunner" name="runScenario" time="27.076"/>
  <system-out>
    <![CDATA[<img src='file://D:\Bootcamp\1ListCucumberTest\test-output20220624_150611.png'height="450" width="1017"/>]]>
  </system-out>
  <testcase classname="com.nexsoft.runner.NewListRunner" name="runScenario" time="32.049"/>
  <system-out>
    <![CDATA[<img src='file://D:\Bootcamp\1ListCucumberTest\test-output20220624_150514.png'height="450" width="1017"/>]]>
  </system-out>
</testsuite> <!-- com.nexsoft.runner.NewListRunner -->
